{"timestamp":"2025-09-25 10:56:59.939","level":"ERROR","message":"Error fetching license stats","error":"Unknown column 'expiration_date' in 'field list'","process":{"pid":22828,"version":"v22.17.0","platform":"win32","memory":{"used":50,"total":63}}}
{"timestamp":"2025-09-25 10:56:59.956","level":"ERROR","message":"Error fetching biometric stats","error":"Unknown column 'last_activity' in 'field list'","process":{"pid":22828,"version":"v22.17.0","platform":"win32","memory":{"used":50,"total":63}}}
{"timestamp":"2025-09-25 10:57:00.024","level":"ERROR","message":"Error fetching license stats","error":"Unknown column 'expiration_date' in 'field list'","process":{"pid":22828,"version":"v22.17.0","platform":"win32","memory":{"used":52,"total":63}}}
{"timestamp":"2025-09-25 10:57:00.060","level":"ERROR","message":"Error fetching biometric stats","error":"Unknown column 'last_activity' in 'field list'","process":{"pid":22828,"version":"v22.17.0","platform":"win32","memory":{"used":51,"total":63}}}
{"timestamp":"2025-09-25 10:57:42.373","level":"ERROR","message":"BioMetrics Connection Pool Error: Failed to connect to 172.16.1.16:1433 in 15000ms","code":"ETIMEOUT","originalError":{"code":"ETIMEOUT"},"name":"ConnectionError","stack":"ConnectionError: Failed to connect to 172.16.1.16:1433 in 15000ms\n    at C:\\Users\\Wellness\\Projects\\ems\\ems\\backend\\node_modules\\mssql\\lib\\tedious\\connection-pool.js:85:17\n    at Connection.onConnect (C:\\Users\\Wellness\\Projects\\ems\\ems\\backend\\node_modules\\tedious\\lib\\connection.js:849:9)\n    at Object.onceWrapper (node:events:633:26)\n    at Connection.emit (node:events:518:28)\n    at Connection.emit (C:\\Users\\Wellness\\Projects\\ems\\ems\\backend\\node_modules\\tedious\\lib\\connection.js:970:18)\n    at Connection.connectTimeout (C:\\Users\\Wellness\\Projects\\ems\\ems\\backend\\node_modules\\tedious\\lib\\connection.js:1222:10)\n    at Timeout._onTimeout (C:\\Users\\Wellness\\Projects\\ems\\ems\\backend\\node_modules\\tedious\\lib\\connection.js:1167:12)\n    at listOnTimeout (node:internal/timers:588:17)\n    at process.processTimers (node:internal/timers:523:7)","process":{"pid":22828,"version":"v22.17.0","platform":"win32","memory":{"used":52,"total":61}}}
{"timestamp":"2025-09-25 10:57:42.373","level":"ERROR","message":"BioMetrics Query Error:","query":"SELECT @@VERSION as version, DB_NAME() as database_name...","error":"Failed to connect to 172.16.1.16:1433 in 15000ms","params":[],"process":{"pid":22828,"version":"v22.17.0","platform":"win32","memory":{"used":52,"total":61}}}
{"timestamp":"2025-09-25 10:57:42.374","level":"ERROR","message":"BioMetrics Connection Test Failed:","process":{"pid":22828,"version":"v22.17.0","platform":"win32","memory":{"used":52,"total":61}}}
{"timestamp":"2025-09-25 10:57:57.408","level":"ERROR","message":"❌ BioMetrics SQL Server Connection Error: Failed to connect to 172.16.1.16:1433 in 15000ms","code":"ETIMEOUT","originalError":{"code":"ETIMEOUT"},"name":"ConnectionError","stack":"ConnectionError: Failed to connect to 172.16.1.16:1433 in 15000ms\n    at C:\\Users\\Wellness\\Projects\\ems\\ems\\backend\\node_modules\\mssql\\lib\\tedious\\connection-pool.js:85:17\n    at Connection.onConnect (C:\\Users\\Wellness\\Projects\\ems\\ems\\backend\\node_modules\\tedious\\lib\\connection.js:849:9)\n    at Object.onceWrapper (node:events:633:26)\n    at Connection.emit (node:events:518:28)\n    at Connection.emit (C:\\Users\\Wellness\\Projects\\ems\\ems\\backend\\node_modules\\tedious\\lib\\connection.js:970:18)\n    at Connection.connectTimeout (C:\\Users\\Wellness\\Projects\\ems\\ems\\backend\\node_modules\\tedious\\lib\\connection.js:1222:10)\n    at Timeout._onTimeout (C:\\Users\\Wellness\\Projects\\ems\\ems\\backend\\node_modules\\tedious\\lib\\connection.js:1167:12)\n    at listOnTimeout (node:internal/timers:588:17)\n    at process.processTimers (node:internal/timers:523:7)","process":{"pid":22828,"version":"v22.17.0","platform":"win32","memory":{"used":49,"total":60}}}
{"timestamp":"2025-09-25 10:57:57.409","level":"ERROR","message":"BioMetrics Query Error:","query":"SELECT @@VERSION as version, DB_NAME() as database_name...","error":"Failed to connect to 172.16.1.16:1433 in 15000ms","params":[],"process":{"pid":22828,"version":"v22.17.0","platform":"win32","memory":{"used":49,"total":60}}}
{"timestamp":"2025-09-25 10:57:57.410","level":"ERROR","message":"BioMetrics Connection Test Failed:","process":{"pid":22828,"version":"v22.17.0","platform":"win32","memory":{"used":49,"total":60}}}
{"timestamp":"2025-09-25 10:58:09.049","level":"ERROR","message":"Error fetching license stats","error":"Unknown column 'expiration_date' in 'field list'","process":{"pid":22828,"version":"v22.17.0","platform":"win32","memory":{"used":52,"total":64}}}
{"timestamp":"2025-09-25 10:58:09.058","level":"ERROR","message":"Error fetching biometric stats","error":"Unknown column 'last_activity' in 'field list'","process":{"pid":22828,"version":"v22.17.0","platform":"win32","memory":{"used":52,"total":64}}}
{"timestamp":"2025-09-25 10:58:09.133","level":"ERROR","message":"Error fetching license stats","error":"Unknown column 'expiration_date' in 'field list'","process":{"pid":22828,"version":"v22.17.0","platform":"win32","memory":{"used":52,"total":64}}}
{"timestamp":"2025-09-25 10:58:09.177","level":"ERROR","message":"Error fetching biometric stats","error":"Unknown column 'last_activity' in 'field list'","process":{"pid":22828,"version":"v22.17.0","platform":"win32","memory":{"used":52,"total":64}}}
{"timestamp":"2025-09-25 10:58:15.705","level":"ERROR","message":"Error fetching license stats","error":"Unknown column 'expiration_date' in 'field list'","process":{"pid":22828,"version":"v22.17.0","platform":"win32","memory":{"used":53,"total":63}}}
{"timestamp":"2025-09-25 10:58:15.713","level":"ERROR","message":"Error fetching biometric stats","error":"Unknown column 'last_activity' in 'field list'","process":{"pid":22828,"version":"v22.17.0","platform":"win32","memory":{"used":53,"total":63}}}
{"timestamp":"2025-09-25 10:58:15.800","level":"ERROR","message":"Error fetching license stats","error":"Unknown column 'expiration_date' in 'field list'","process":{"pid":22828,"version":"v22.17.0","platform":"win32","memory":{"used":53,"total":63}}}
{"timestamp":"2025-09-25 10:58:15.824","level":"ERROR","message":"Error fetching biometric stats","error":"Unknown column 'last_activity' in 'field list'","process":{"pid":22828,"version":"v22.17.0","platform":"win32","memory":{"used":53,"total":64}}}
{"timestamp":"2025-09-25 11:05:12.471","level":"ERROR","message":"Error fetching license stats","error":"Unknown column 'expiration_date' in 'field list'","process":{"pid":22828,"version":"v22.17.0","platform":"win32","memory":{"used":52,"total":61}}}
{"timestamp":"2025-09-25 11:05:12.484","level":"ERROR","message":"Error fetching biometric stats","error":"Unknown column 'last_activity' in 'field list'","process":{"pid":22828,"version":"v22.17.0","platform":"win32","memory":{"used":52,"total":61}}}
{"timestamp":"2025-09-25 11:05:12.548","level":"ERROR","message":"Error fetching license stats","error":"Unknown column 'expiration_date' in 'field list'","process":{"pid":22828,"version":"v22.17.0","platform":"win32","memory":{"used":52,"total":61}}}
{"timestamp":"2025-09-25 11:05:12.575","level":"ERROR","message":"Error fetching biometric stats","error":"Unknown column 'last_activity' in 'field list'","process":{"pid":22828,"version":"v22.17.0","platform":"win32","memory":{"used":53,"total":63}}}
{"timestamp":"2025-09-25 11:05:21.568","level":"ERROR","message":"❌ BioMetrics SQL Server Connection Error: Failed to connect to 172.16.1.16:1433 in 15000ms","code":"ETIMEOUT","originalError":{"code":"ETIMEOUT"},"name":"ConnectionError","stack":"ConnectionError: Failed to connect to 172.16.1.16:1433 in 15000ms\n    at C:\\Users\\Wellness\\Projects\\ems\\ems\\backend\\node_modules\\mssql\\lib\\tedious\\connection-pool.js:85:17\n    at Connection.onConnect (C:\\Users\\Wellness\\Projects\\ems\\ems\\backend\\node_modules\\tedious\\lib\\connection.js:849:9)\n    at Object.onceWrapper (node:events:633:26)\n    at Connection.emit (node:events:518:28)\n    at Connection.emit (C:\\Users\\Wellness\\Projects\\ems\\ems\\backend\\node_modules\\tedious\\lib\\connection.js:970:18)\n    at Connection.connectTimeout (C:\\Users\\Wellness\\Projects\\ems\\ems\\backend\\node_modules\\tedious\\lib\\connection.js:1222:10)\n    at Timeout._onTimeout (C:\\Users\\Wellness\\Projects\\ems\\ems\\backend\\node_modules\\tedious\\lib\\connection.js:1167:12)\n    at listOnTimeout (node:internal/timers:588:17)\n    at process.processTimers (node:internal/timers:523:7)","process":{"pid":22828,"version":"v22.17.0","platform":"win32","memory":{"used":53,"total":63}}}
{"timestamp":"2025-09-25 11:05:21.569","level":"ERROR","message":"BioMetrics Query Error:","query":"SELECT @@VERSION as version, DB_NAME() as database_name...","error":"Failed to connect to 172.16.1.16:1433 in 15000ms","params":[],"process":{"pid":22828,"version":"v22.17.0","platform":"win32","memory":{"used":53,"total":63}}}
{"timestamp":"2025-09-25 11:05:21.570","level":"ERROR","message":"BioMetrics Connection Test Failed:","process":{"pid":22828,"version":"v22.17.0","platform":"win32","memory":{"used":53,"total":63}}}
{"timestamp":"2025-09-25 11:05:36.644","level":"ERROR","message":"❌ BioMetrics SQL Server Connection Error: Failed to connect to 172.16.1.16:1433 in 15000ms","code":"ETIMEOUT","originalError":{"code":"ETIMEOUT"},"name":"ConnectionError","stack":"ConnectionError: Failed to connect to 172.16.1.16:1433 in 15000ms\n    at C:\\Users\\Wellness\\Projects\\ems\\ems\\backend\\node_modules\\mssql\\lib\\tedious\\connection-pool.js:85:17\n    at Connection.onConnect (C:\\Users\\Wellness\\Projects\\ems\\ems\\backend\\node_modules\\tedious\\lib\\connection.js:849:9)\n    at Object.onceWrapper (node:events:633:26)\n    at Connection.emit (node:events:518:28)\n    at Connection.emit (C:\\Users\\Wellness\\Projects\\ems\\ems\\backend\\node_modules\\tedious\\lib\\connection.js:970:18)\n    at Connection.connectTimeout (C:\\Users\\Wellness\\Projects\\ems\\ems\\backend\\node_modules\\tedious\\lib\\connection.js:1222:10)\n    at Timeout._onTimeout (C:\\Users\\Wellness\\Projects\\ems\\ems\\backend\\node_modules\\tedious\\lib\\connection.js:1167:12)\n    at listOnTimeout (node:internal/timers:588:17)\n    at process.processTimers (node:internal/timers:523:7)","process":{"pid":22828,"version":"v22.17.0","platform":"win32","memory":{"used":52,"total":60}}}
{"timestamp":"2025-09-25 11:05:36.645","level":"ERROR","message":"BioMetrics Query Error:","query":"SELECT @@VERSION as version, DB_NAME() as database_name...","error":"Failed to connect to 172.16.1.16:1433 in 15000ms","params":[],"process":{"pid":22828,"version":"v22.17.0","platform":"win32","memory":{"used":52,"total":60}}}
{"timestamp":"2025-09-25 11:05:36.646","level":"ERROR","message":"BioMetrics Connection Test Failed:","process":{"pid":22828,"version":"v22.17.0","platform":"win32","memory":{"used":52,"total":60}}}
{"timestamp":"2025-09-25 11:05:48.254","level":"ERROR","message":"Error fetching license stats","error":"Unknown column 'expiration_date' in 'field list'","process":{"pid":22828,"version":"v22.17.0","platform":"win32","memory":{"used":50,"total":62}}}
{"timestamp":"2025-09-25 11:05:48.267","level":"ERROR","message":"Error fetching biometric stats","error":"Unknown column 'last_activity' in 'field list'","process":{"pid":22828,"version":"v22.17.0","platform":"win32","memory":{"used":49,"total":62}}}
{"timestamp":"2025-09-25 11:05:48.313","level":"ERROR","message":"Error fetching license stats","error":"Unknown column 'expiration_date' in 'field list'","process":{"pid":22828,"version":"v22.17.0","platform":"win32","memory":{"used":51,"total":62}}}
{"timestamp":"2025-09-25 11:05:48.338","level":"ERROR","message":"Error fetching biometric stats","error":"Unknown column 'last_activity' in 'field list'","process":{"pid":22828,"version":"v22.17.0","platform":"win32","memory":{"used":50,"total":62}}}
{"timestamp":"2025-09-25 11:06:56.280","level":"ERROR","message":"Error fetching license stats","error":"Unknown column 'expiration_date' in 'field list'","process":{"pid":22828,"version":"v22.17.0","platform":"win32","memory":{"used":54,"total":66}}}
{"timestamp":"2025-09-25 11:06:56.290","level":"ERROR","message":"Error fetching biometric stats","error":"Unknown column 'last_activity' in 'field list'","process":{"pid":22828,"version":"v22.17.0","platform":"win32","memory":{"used":54,"total":66}}}
{"timestamp":"2025-09-25 11:06:56.330","level":"ERROR","message":"Error fetching license stats","error":"Unknown column 'expiration_date' in 'field list'","process":{"pid":22828,"version":"v22.17.0","platform":"win32","memory":{"used":53,"total":61}}}
{"timestamp":"2025-09-25 11:06:56.354","level":"ERROR","message":"Error fetching biometric stats","error":"Unknown column 'last_activity' in 'field list'","process":{"pid":22828,"version":"v22.17.0","platform":"win32","memory":{"used":54,"total":62}}}
{"timestamp":"2025-09-25 11:19:55.409","level":"ERROR","message":"Error fetching license stats","error":"Unknown column 'expiration_date' in 'field list'","process":{"pid":22828,"version":"v22.17.0","platform":"win32","memory":{"used":56,"total":64}}}
{"timestamp":"2025-09-25 11:19:55.428","level":"ERROR","message":"Error fetching biometric stats","error":"Unknown column 'last_activity' in 'field list'","process":{"pid":22828,"version":"v22.17.0","platform":"win32","memory":{"used":57,"total":64}}}
{"timestamp":"2025-09-25 11:19:55.507","level":"ERROR","message":"Error fetching license stats","error":"Unknown column 'expiration_date' in 'field list'","process":{"pid":22828,"version":"v22.17.0","platform":"win32","memory":{"used":57,"total":65}}}
{"timestamp":"2025-09-25 11:19:55.556","level":"ERROR","message":"Error fetching biometric stats","error":"Unknown column 'last_activity' in 'field list'","process":{"pid":22828,"version":"v22.17.0","platform":"win32","memory":{"used":57,"total":67}}}
{"timestamp":"2025-09-25 11:23:02.788","level":"ERROR","message":"Error fetching license stats","error":"Unknown column 'expiration_date' in 'field list'","process":{"pid":22828,"version":"v22.17.0","platform":"win32","memory":{"used":49,"total":59}}}
{"timestamp":"2025-09-25 11:23:02.809","level":"ERROR","message":"Error fetching biometric stats","error":"Unknown column 'last_activity' in 'field list'","process":{"pid":22828,"version":"v22.17.0","platform":"win32","memory":{"used":49,"total":59}}}
{"timestamp":"2025-09-25 11:23:02.912","level":"ERROR","message":"Error fetching license stats","error":"Unknown column 'expiration_date' in 'field list'","process":{"pid":22828,"version":"v22.17.0","platform":"win32","memory":{"used":49,"total":62}}}
{"timestamp":"2025-09-25 11:23:03.006","level":"ERROR","message":"Error fetching biometric stats","error":"Unknown column 'last_activity' in 'field list'","process":{"pid":22828,"version":"v22.17.0","platform":"win32","memory":{"used":50,"total":62}}}
{"timestamp":"2025-09-25 11:29:23.943","level":"ERROR","message":"Error fetching license stats","error":"Unknown column 'expiration_date' in 'field list'","process":{"pid":22828,"version":"v22.17.0","platform":"win32","memory":{"used":53,"total":61}}}
{"timestamp":"2025-09-25 11:29:23.956","level":"ERROR","message":"Error fetching biometric stats","error":"Unknown column 'last_activity' in 'field list'","process":{"pid":22828,"version":"v22.17.0","platform":"win32","memory":{"used":52,"total":62}}}
{"timestamp":"2025-09-25 11:29:24.049","level":"ERROR","message":"Error fetching license stats","error":"Unknown column 'expiration_date' in 'field list'","process":{"pid":22828,"version":"v22.17.0","platform":"win32","memory":{"used":53,"total":61}}}
{"timestamp":"2025-09-25 11:29:24.123","level":"ERROR","message":"Error fetching biometric stats","error":"Unknown column 'last_activity' in 'field list'","process":{"pid":22828,"version":"v22.17.0","platform":"win32","memory":{"used":53,"total":62}}}
{"timestamp":"2025-09-25 11:52:56.626","level":"ERROR","message":"Error fetching license stats","error":"Unknown column 'expiration_date' in 'field list'","process":{"pid":22828,"version":"v22.17.0","platform":"win32","memory":{"used":54,"total":62}}}
{"timestamp":"2025-09-25 11:52:56.636","level":"ERROR","message":"Error fetching biometric stats","error":"Unknown column 'last_activity' in 'field list'","process":{"pid":22828,"version":"v22.17.0","platform":"win32","memory":{"used":54,"total":62}}}
{"timestamp":"2025-09-25 11:52:56.729","level":"ERROR","message":"Error fetching license stats","error":"Unknown column 'expiration_date' in 'field list'","process":{"pid":22828,"version":"v22.17.0","platform":"win32","memory":{"used":54,"total":63}}}
{"timestamp":"2025-09-25 11:52:56.769","level":"ERROR","message":"Error fetching biometric stats","error":"Unknown column 'last_activity' in 'field list'","process":{"pid":22828,"version":"v22.17.0","platform":"win32","memory":{"used":54,"total":63}}}
{"timestamp":"2025-09-25 12:10:04.334","level":"ERROR","message":"Error fetching license stats","error":"Unknown column 'expiration_date' in 'field list'","process":{"pid":22828,"version":"v22.17.0","platform":"win32","memory":{"used":54,"total":62}}}
{"timestamp":"2025-09-25 12:10:04.353","level":"ERROR","message":"Error fetching biometric stats","error":"Unknown column 'last_activity' in 'field list'","process":{"pid":22828,"version":"v22.17.0","platform":"win32","memory":{"used":53,"total":63}}}
{"timestamp":"2025-09-25 12:10:04.400","level":"ERROR","message":"Error fetching license stats","error":"Unknown column 'expiration_date' in 'field list'","process":{"pid":22828,"version":"v22.17.0","platform":"win32","memory":{"used":54,"total":63}}}
{"timestamp":"2025-09-25 12:10:04.443","level":"ERROR","message":"Error fetching biometric stats","error":"Unknown column 'last_activity' in 'field list'","process":{"pid":22828,"version":"v22.17.0","platform":"win32","memory":{"used":53,"total":67}}}
{"timestamp":"2025-09-25 12:24:29.768","level":"ERROR","message":"Error fetching license stats","error":"Unknown column 'expiration_date' in 'field list'","process":{"pid":22828,"version":"v22.17.0","platform":"win32","memory":{"used":50,"total":63}}}
{"timestamp":"2025-09-25 12:24:29.798","level":"ERROR","message":"Error fetching biometric stats","error":"Unknown column 'last_activity' in 'field list'","process":{"pid":22828,"version":"v22.17.0","platform":"win32","memory":{"used":50,"total":63}}}
{"timestamp":"2025-09-25 12:24:29.918","level":"ERROR","message":"Error fetching license stats","error":"Unknown column 'expiration_date' in 'field list'","process":{"pid":22828,"version":"v22.17.0","platform":"win32","memory":{"used":51,"total":63}}}
{"timestamp":"2025-09-25 12:24:29.963","level":"ERROR","message":"Error fetching biometric stats","error":"Unknown column 'last_activity' in 'field list'","process":{"pid":22828,"version":"v22.17.0","platform":"win32","memory":{"used":50,"total":63}}}
{"timestamp":"2025-09-25 12:30:21.754","level":"ERROR","message":"Error fetching license stats","error":"Unknown column 'expiration_date' in 'field list'","process":{"pid":22828,"version":"v22.17.0","platform":"win32","memory":{"used":54,"total":63}}}
{"timestamp":"2025-09-25 12:30:21.771","level":"ERROR","message":"Error fetching biometric stats","error":"Unknown column 'last_activity' in 'field list'","process":{"pid":22828,"version":"v22.17.0","platform":"win32","memory":{"used":54,"total":66}}}
{"timestamp":"2025-09-25 12:30:21.821","level":"ERROR","message":"Error fetching license stats","error":"Unknown column 'expiration_date' in 'field list'","process":{"pid":22828,"version":"v22.17.0","platform":"win32","memory":{"used":55,"total":66}}}
{"timestamp":"2025-09-25 12:30:21.842","level":"ERROR","message":"Error fetching biometric stats","error":"Unknown column 'last_activity' in 'field list'","process":{"pid":22828,"version":"v22.17.0","platform":"win32","memory":{"used":54,"total":66}}}
{"timestamp":"2025-09-25 12:32:11.346","level":"ERROR","message":"Error fetching license stats","error":"Unknown column 'expiration_date' in 'field list'","process":{"pid":22828,"version":"v22.17.0","platform":"win32","memory":{"used":49,"total":60}}}
{"timestamp":"2025-09-25 12:32:11.358","level":"ERROR","message":"Error fetching biometric stats","error":"Unknown column 'last_activity' in 'field list'","process":{"pid":22828,"version":"v22.17.0","platform":"win32","memory":{"used":49,"total":60}}}
{"timestamp":"2025-09-25 12:32:11.572","level":"ERROR","message":"Error fetching license stats","error":"Unknown column 'expiration_date' in 'field list'","process":{"pid":22828,"version":"v22.17.0","platform":"win32","memory":{"used":49,"total":60}}}
{"timestamp":"2025-09-25 12:32:11.675","level":"ERROR","message":"Error fetching biometric stats","error":"Unknown column 'last_activity' in 'field list'","process":{"pid":22828,"version":"v22.17.0","platform":"win32","memory":{"used":50,"total":60}}}
{"timestamp":"2025-09-25 12:33:29.597","level":"ERROR","message":"Error fetching license stats","error":"Unknown column 'expiration_date' in 'field list'","process":{"pid":22828,"version":"v22.17.0","platform":"win32","memory":{"used":53,"total":62}}}
{"timestamp":"2025-09-25 12:33:29.605","level":"ERROR","message":"Error fetching biometric stats","error":"Unknown column 'last_activity' in 'field list'","process":{"pid":22828,"version":"v22.17.0","platform":"win32","memory":{"used":53,"total":62}}}
{"timestamp":"2025-09-25 12:33:29.662","level":"ERROR","message":"Error fetching license stats","error":"Unknown column 'expiration_date' in 'field list'","process":{"pid":22828,"version":"v22.17.0","platform":"win32","memory":{"used":53,"total":62}}}
{"timestamp":"2025-09-25 12:33:29.691","level":"ERROR","message":"Error fetching biometric stats","error":"Unknown column 'last_activity' in 'field list'","process":{"pid":22828,"version":"v22.17.0","platform":"win32","memory":{"used":53,"total":64}}}
{"timestamp":"2025-09-25 12:33:42.878","level":"ERROR","message":"Error fetching license stats","error":"Unknown column 'expiration_date' in 'field list'","process":{"pid":22828,"version":"v22.17.0","platform":"win32","memory":{"used":49,"total":59}}}
{"timestamp":"2025-09-25 12:33:42.892","level":"ERROR","message":"Error fetching biometric stats","error":"Unknown column 'last_activity' in 'field list'","process":{"pid":22828,"version":"v22.17.0","platform":"win32","memory":{"used":50,"total":59}}}
{"timestamp":"2025-09-25 12:33:42.965","level":"ERROR","message":"Error fetching license stats","error":"Unknown column 'expiration_date' in 'field list'","process":{"pid":22828,"version":"v22.17.0","platform":"win32","memory":{"used":49,"total":60}}}
{"timestamp":"2025-09-25 12:33:43.014","level":"ERROR","message":"Error fetching biometric stats","error":"Unknown column 'last_activity' in 'field list'","process":{"pid":22828,"version":"v22.17.0","platform":"win32","memory":{"used":50,"total":60}}}
{"timestamp":"2025-09-25 12:34:17.101","level":"ERROR","message":"Error fetching license stats","error":"Unknown column 'expiration_date' in 'field list'","process":{"pid":22828,"version":"v22.17.0","platform":"win32","memory":{"used":53,"total":64}}}
{"timestamp":"2025-09-25 12:34:17.116","level":"ERROR","message":"Error fetching biometric stats","error":"Unknown column 'last_activity' in 'field list'","process":{"pid":22828,"version":"v22.17.0","platform":"win32","memory":{"used":54,"total":64}}}
{"timestamp":"2025-09-25 12:34:17.182","level":"ERROR","message":"Error fetching license stats","error":"Unknown column 'expiration_date' in 'field list'","process":{"pid":22828,"version":"v22.17.0","platform":"win32","memory":{"used":54,"total":64}}}
{"timestamp":"2025-09-25 12:34:17.215","level":"ERROR","message":"Error fetching biometric stats","error":"Unknown column 'last_activity' in 'field list'","process":{"pid":22828,"version":"v22.17.0","platform":"win32","memory":{"used":53,"total":64}}}
{"timestamp":"2025-09-25 12:51:08.156","level":"ERROR","message":"Error fetching license stats","error":"Unknown column 'expiration_date' in 'field list'","process":{"pid":22828,"version":"v22.17.0","platform":"win32","memory":{"used":57,"total":65}}}
{"timestamp":"2025-09-25 12:51:08.171","level":"ERROR","message":"Error fetching biometric stats","error":"Unknown column 'last_activity' in 'field list'","process":{"pid":22828,"version":"v22.17.0","platform":"win32","memory":{"used":57,"total":65}}}
{"timestamp":"2025-09-25 12:51:08.249","level":"ERROR","message":"Error fetching license stats","error":"Unknown column 'expiration_date' in 'field list'","process":{"pid":22828,"version":"v22.17.0","platform":"win32","memory":{"used":58,"total":65}}}
{"timestamp":"2025-09-25 12:51:08.287","level":"ERROR","message":"Error fetching biometric stats","error":"Unknown column 'last_activity' in 'field list'","process":{"pid":22828,"version":"v22.17.0","platform":"win32","memory":{"used":50,"total":64}}}
{"timestamp":"2025-09-25 12:51:38.354","level":"ERROR","message":"❌ BioMetrics SQL Server Connection Error: Failed to connect to 172.16.1.16:1433 in 15000ms","code":"ETIMEOUT","originalError":{"code":"ETIMEOUT"},"name":"ConnectionError","stack":"ConnectionError: Failed to connect to 172.16.1.16:1433 in 15000ms\n    at C:\\Users\\Wellness\\Projects\\ems\\ems\\backend\\node_modules\\mssql\\lib\\tedious\\connection-pool.js:85:17\n    at Connection.onConnect (C:\\Users\\Wellness\\Projects\\ems\\ems\\backend\\node_modules\\tedious\\lib\\connection.js:849:9)\n    at Object.onceWrapper (node:events:633:26)\n    at Connection.emit (node:events:518:28)\n    at Connection.emit (C:\\Users\\Wellness\\Projects\\ems\\ems\\backend\\node_modules\\tedious\\lib\\connection.js:970:18)\n    at Connection.connectTimeout (C:\\Users\\Wellness\\Projects\\ems\\ems\\backend\\node_modules\\tedious\\lib\\connection.js:1222:10)\n    at Timeout._onTimeout (C:\\Users\\Wellness\\Projects\\ems\\ems\\backend\\node_modules\\tedious\\lib\\connection.js:1167:12)\n    at listOnTimeout (node:internal/timers:588:17)\n    at process.processTimers (node:internal/timers:523:7)","process":{"pid":22828,"version":"v22.17.0","platform":"win32","memory":{"used":49,"total":55}}}
{"timestamp":"2025-09-25 12:51:38.356","level":"ERROR","message":"BioMetrics Query Error:","query":"SELECT @@VERSION as version, DB_NAME() as database_name...","error":"Failed to connect to 172.16.1.16:1433 in 15000ms","params":[],"process":{"pid":22828,"version":"v22.17.0","platform":"win32","memory":{"used":49,"total":55}}}
{"timestamp":"2025-09-25 12:51:38.356","level":"ERROR","message":"BioMetrics Connection Test Failed:","process":{"pid":22828,"version":"v22.17.0","platform":"win32","memory":{"used":49,"total":55}}}
{"timestamp":"2025-09-25 12:53:17.428","level":"ERROR","message":"Error fetching license stats","error":"Unknown column 'expiration_date' in 'field list'","process":{"pid":22828,"version":"v22.17.0","platform":"win32","memory":{"used":55,"total":62}}}
{"timestamp":"2025-09-25 12:53:17.435","level":"ERROR","message":"Error fetching biometric stats","error":"Unknown column 'last_activity' in 'field list'","process":{"pid":22828,"version":"v22.17.0","platform":"win32","memory":{"used":54,"total":62}}}
{"timestamp":"2025-09-25 12:53:17.490","level":"ERROR","message":"Error fetching license stats","error":"Unknown column 'expiration_date' in 'field list'","process":{"pid":22828,"version":"v22.17.0","platform":"win32","memory":{"used":55,"total":62}}}
{"timestamp":"2025-09-25 12:53:17.508","level":"ERROR","message":"Error fetching biometric stats","error":"Unknown column 'last_activity' in 'field list'","process":{"pid":22828,"version":"v22.17.0","platform":"win32","memory":{"used":54,"total":62}}}
{"timestamp":"2025-09-25 12:55:29.506","level":"ERROR","message":"Error fetching license stats","error":"Unknown column 'expiration_date' in 'field list'","process":{"pid":22828,"version":"v22.17.0","platform":"win32","memory":{"used":50,"total":61}}}
{"timestamp":"2025-09-25 12:55:29.541","level":"ERROR","message":"Error fetching biometric stats","error":"Unknown column 'last_activity' in 'field list'","process":{"pid":22828,"version":"v22.17.0","platform":"win32","memory":{"used":49,"total":61}}}
{"timestamp":"2025-09-25 12:55:29.678","level":"ERROR","message":"Error fetching license stats","error":"Unknown column 'expiration_date' in 'field list'","process":{"pid":22828,"version":"v22.17.0","platform":"win32","memory":{"used":51,"total":63}}}
{"timestamp":"2025-09-25 12:55:29.722","level":"ERROR","message":"Error fetching biometric stats","error":"Unknown column 'last_activity' in 'field list'","process":{"pid":22828,"version":"v22.17.0","platform":"win32","memory":{"used":50,"total":63}}}
{"timestamp":"2025-09-25 12:55:38.674","level":"ERROR","message":"Error fetching license stats","error":"Unknown column 'expiration_date' in 'field list'","process":{"pid":22828,"version":"v22.17.0","platform":"win32","memory":{"used":50,"total":61}}}
{"timestamp":"2025-09-25 12:55:38.692","level":"ERROR","message":"Error fetching biometric stats","error":"Unknown column 'last_activity' in 'field list'","process":{"pid":22828,"version":"v22.17.0","platform":"win32","memory":{"used":51,"total":61}}}
{"timestamp":"2025-09-25 12:55:38.855","level":"ERROR","message":"Error fetching license stats","error":"Unknown column 'expiration_date' in 'field list'","process":{"pid":22828,"version":"v22.17.0","platform":"win32","memory":{"used":51,"total":62}}}
{"timestamp":"2025-09-25 12:55:38.880","level":"ERROR","message":"Error fetching biometric stats","error":"Unknown column 'last_activity' in 'field list'","process":{"pid":22828,"version":"v22.17.0","platform":"win32","memory":{"used":51,"total":62}}}
{"timestamp":"2025-09-25 12:56:00.030","level":"ERROR","message":"Error fetching license stats","error":"Unknown column 'expiration_date' in 'field list'","process":{"pid":22828,"version":"v22.17.0","platform":"win32","memory":{"used":55,"total":62}}}
{"timestamp":"2025-09-25 12:56:00.062","level":"ERROR","message":"Error fetching biometric stats","error":"Unknown column 'last_activity' in 'field list'","process":{"pid":22828,"version":"v22.17.0","platform":"win32","memory":{"used":54,"total":62}}}
{"timestamp":"2025-09-25 12:56:00.181","level":"ERROR","message":"Error fetching license stats","error":"Unknown column 'expiration_date' in 'field list'","process":{"pid":22828,"version":"v22.17.0","platform":"win32","memory":{"used":54,"total":65}}}
{"timestamp":"2025-09-25 12:56:00.225","level":"ERROR","message":"Error fetching biometric stats","error":"Unknown column 'last_activity' in 'field list'","process":{"pid":22828,"version":"v22.17.0","platform":"win32","memory":{"used":55,"total":65}}}
{"timestamp":"2025-09-25 12:56:05.238","level":"ERROR","message":"Error fetching license stats","error":"Unknown column 'expiration_date' in 'field list'","process":{"pid":22828,"version":"v22.17.0","platform":"win32","memory":{"used":56,"total":65}}}
{"timestamp":"2025-09-25 12:56:05.258","level":"ERROR","message":"Error fetching biometric stats","error":"Unknown column 'last_activity' in 'field list'","process":{"pid":22828,"version":"v22.17.0","platform":"win32","memory":{"used":55,"total":65}}}
{"timestamp":"2025-09-25 12:56:05.362","level":"ERROR","message":"Error fetching license stats","error":"Unknown column 'expiration_date' in 'field list'","process":{"pid":22828,"version":"v22.17.0","platform":"win32","memory":{"used":56,"total":65}}}
{"timestamp":"2025-09-25 12:56:05.404","level":"ERROR","message":"Error fetching biometric stats","error":"Unknown column 'last_activity' in 'field list'","process":{"pid":22828,"version":"v22.17.0","platform":"win32","memory":{"used":57,"total":66}}}
{"timestamp":"2025-09-25 15:01:21.741","level":"ERROR","message":"Error fetching license stats","error":"Unknown column 'expiration_date' in 'field list'","process":{"pid":22828,"version":"v22.17.0","platform":"win32","memory":{"used":51,"total":63}}}
{"timestamp":"2025-09-25 15:01:21.755","level":"ERROR","message":"Error fetching biometric stats","error":"Unknown column 'last_activity' in 'field list'","process":{"pid":22828,"version":"v22.17.0","platform":"win32","memory":{"used":50,"total":63}}}
{"timestamp":"2025-09-25 15:01:21.976","level":"ERROR","message":"Error fetching license stats","error":"Unknown column 'expiration_date' in 'field list'","process":{"pid":22828,"version":"v22.17.0","platform":"win32","memory":{"used":50,"total":63}}}
{"timestamp":"2025-09-25 15:01:22.053","level":"ERROR","message":"Error fetching biometric stats","error":"Unknown column 'last_activity' in 'field list'","process":{"pid":22828,"version":"v22.17.0","platform":"win32","memory":{"used":51,"total":63}}}
{"timestamp":"2025-09-25 15:33:13.009","level":"ERROR","message":"Error fetching license stats","error":"Unknown column 'expiration_date' in 'field list'","process":{"pid":22828,"version":"v22.17.0","platform":"win32","memory":{"used":55,"total":64}}}
{"timestamp":"2025-09-25 15:33:13.051","level":"ERROR","message":"Error fetching biometric stats","error":"Unknown column 'last_activity' in 'field list'","process":{"pid":22828,"version":"v22.17.0","platform":"win32","memory":{"used":55,"total":64}}}
{"timestamp":"2025-09-25 15:33:13.178","level":"ERROR","message":"Error fetching license stats","error":"Unknown column 'expiration_date' in 'field list'","process":{"pid":22828,"version":"v22.17.0","platform":"win32","memory":{"used":56,"total":66}}}
{"timestamp":"2025-09-25 15:33:13.221","level":"ERROR","message":"Error fetching biometric stats","error":"Unknown column 'last_activity' in 'field list'","process":{"pid":22828,"version":"v22.17.0","platform":"win32","memory":{"used":55,"total":66}}}
