[2025-09-15 11:47:21] ERROR: uncaughtException: require is not defined in ES module scope, you can use import instead
This file is being treated as an ES module because it has a '.js' file extension and 'C:\Users\Wellness\Projects\ems\ems\backend\package.json' contains "type": "module". To treat it as a CommonJS script, rename it to use the '.cjs' file extension.
ReferenceError: require is not defined in ES module scope, you can use import instead
This file is being treated as an ES module because it has a '.js' file extension and 'C:\Users\Wellness\Projects\ems\ems\backend\package.json' contains "type": "module". To treat it as a CommonJS script, rename it to use the '.cjs' file extension.
    at file:///C:/Users/Wellness/Projects/ems/ems/backend/database/biometricsConnection.js:11:21
    at ModuleJob.run (node:internal/modules/esm/module_job:329:25)
    at async onImport.tracePromise.__proto__ (node:internal/modules/esm/loader:644:26)
    at async asyncRunEntryPointWithESMLoader (node:internal/modules/run_main:117:5) {
  "error": {},
  "stack": "ReferenceError: require is not defined in ES module scope, you can use import instead\nThis file is being treated as an ES module because it has a '.js' file extension and 'C:\\Users\\Wellness\\Projects\\ems\\ems\\backend\\package.json' contains \"type\": \"module\". To treat it as a CommonJS script, rename it to use the '.cjs' file extension.\n    at file:///C:/Users/Wellness/Projects/ems/ems/backend/database/biometricsConnection.js:11:21\n    at ModuleJob.run (node:internal/modules/esm/module_job:329:25)\n    at async onImport.tracePromise.__proto__ (node:internal/modules/esm/loader:644:26)\n    at async asyncRunEntryPointWithESMLoader (node:internal/modules/run_main:117:5)",
  "exception": true,
  "date": "Mon Sep 15 2025 11:47:21 GMT+0530 (India Standard Time)",
  "process": {
    "pid": 8800,
    "uid": null,
    "gid": null,
    "cwd": "C:\\Users\\Wellness\\Projects\\ems\\ems\\backend",
    "execPath": "C:\\Program Files\\nodejs\\node.exe",
    "version": "v22.17.0",
    "argv": [
      "C:\\Program Files\\nodejs\\node.exe",
      "C:\\Users\\Wellness\\Projects\\ems\\ems\\backend\\index.js"
    ],
    "memoryUsage": {
      "rss": 117809152,
      "heapTotal": 76726272,
      "heapUsed": 47715504,
      "external": 3999014,
      "arrayBuffers": 285225
    }
  },
  "os": {
    "loadavg": [
      0,
      0,
      0
    ],
    "uptime": 236864.687
  },
  "trace": [
    {
      "column": null,
      "file": null,
      "function": null,
      "line": null,
      "method": null,
      "native": false
    },
    {
      "column": 21,
      "file": "file:///C:/Users/Wellness/Projects/ems/ems/backend/database/biometricsConnection.js",
      "function": null,
      "line": 11,
      "method": null,
      "native": false
    },
    {
      "column": 25,
      "file": "node:internal/modules/esm/module_job",
      "function": "ModuleJob.run",
      "line": 329,
      "method": "run",
      "native": false
    },
    {
      "column": 26,
      "file": "node:internal/modules/esm/loader",
      "function": "async onImport.tracePromise.__proto__",
      "line": 644,
      "method": "__proto__",
      "native": false
    },
    {
      "column": 5,
      "file": "node:internal/modules/run_main",
      "function": "async asyncRunEntryPointWithESMLoader",
      "line": 117,
      "method": null,
      "native": false
    }
  ]
}
[2025-09-15 11:48:31] ERROR: uncaughtException: require is not defined in ES module scope, you can use import instead
This file is being treated as an ES module because it has a '.js' file extension and 'C:\Users\Wellness\Projects\ems\ems\backend\package.json' contains "type": "module". To treat it as a CommonJS script, rename it to use the '.cjs' file extension.
ReferenceError: require is not defined in ES module scope, you can use import instead
This file is being treated as an ES module because it has a '.js' file extension and 'C:\Users\Wellness\Projects\ems\ems\backend\package.json' contains "type": "module". To treat it as a CommonJS script, rename it to use the '.cjs' file extension.
    at file:///C:/Users/Wellness/Projects/ems/ems/backend/database/biometricsConnection.js:11:21
    at ModuleJob.run (node:internal/modules/esm/module_job:329:25)
    at async onImport.tracePromise.__proto__ (node:internal/modules/esm/loader:644:26)
    at async asyncRunEntryPointWithESMLoader (node:internal/modules/run_main:117:5) {
  "error": {},
  "stack": "ReferenceError: require is not defined in ES module scope, you can use import instead\nThis file is being treated as an ES module because it has a '.js' file extension and 'C:\\Users\\Wellness\\Projects\\ems\\ems\\backend\\package.json' contains \"type\": \"module\". To treat it as a CommonJS script, rename it to use the '.cjs' file extension.\n    at file:///C:/Users/Wellness/Projects/ems/ems/backend/database/biometricsConnection.js:11:21\n    at ModuleJob.run (node:internal/modules/esm/module_job:329:25)\n    at async onImport.tracePromise.__proto__ (node:internal/modules/esm/loader:644:26)\n    at async asyncRunEntryPointWithESMLoader (node:internal/modules/run_main:117:5)",
  "exception": true,
  "date": "Mon Sep 15 2025 11:48:31 GMT+0530 (India Standard Time)",
  "process": {
    "pid": 17700,
    "uid": null,
    "gid": null,
    "cwd": "C:\\Users\\Wellness\\Projects\\ems\\ems\\backend",
    "execPath": "C:\\Program Files\\nodejs\\node.exe",
    "version": "v22.17.0",
    "argv": [
      "C:\\Program Files\\nodejs\\node.exe",
      "C:\\Users\\Wellness\\Projects\\ems\\ems\\backend\\index.js"
    ],
    "memoryUsage": {
      "rss": 114024448,
      "heapTotal": 73056256,
      "heapUsed": 52586944,
      "external": 3966668,
      "arrayBuffers": 252879
    }
  },
  "os": {
    "loadavg": [
      0,
      0,
      0
    ],
    "uptime": 236934.984
  },
  "trace": [
    {
      "column": null,
      "file": null,
      "function": null,
      "line": null,
      "method": null,
      "native": false
    },
    {
      "column": 21,
      "file": "file:///C:/Users/Wellness/Projects/ems/ems/backend/database/biometricsConnection.js",
      "function": null,
      "line": 11,
      "method": null,
      "native": false
    },
    {
      "column": 25,
      "file": "node:internal/modules/esm/module_job",
      "function": "ModuleJob.run",
      "line": 329,
      "method": "run",
      "native": false
    },
    {
      "column": 26,
      "file": "node:internal/modules/esm/loader",
      "function": "async onImport.tracePromise.__proto__",
      "line": 644,
      "method": "__proto__",
      "native": false
    },
    {
      "column": 5,
      "file": "node:internal/modules/run_main",
      "function": "async asyncRunEntryPointWithESMLoader",
      "line": 117,
      "method": null,
      "native": false
    }
  ]
}
[2025-09-15 11:49:54] ERROR: uncaughtException: require is not defined in ES module scope, you can use import instead
This file is being treated as an ES module because it has a '.js' file extension and 'C:\Users\Wellness\Projects\ems\ems\backend\package.json' contains "type": "module". To treat it as a CommonJS script, rename it to use the '.cjs' file extension.
ReferenceError: require is not defined in ES module scope, you can use import instead
This file is being treated as an ES module because it has a '.js' file extension and 'C:\Users\Wellness\Projects\ems\ems\backend\package.json' contains "type": "module". To treat it as a CommonJS script, rename it to use the '.cjs' file extension.
    at file:///C:/Users/Wellness/Projects/ems/ems/backend/database/biometricsConnection.js:11:21
    at ModuleJob.run (node:internal/modules/esm/module_job:329:25)
    at async onImport.tracePromise.__proto__ (node:internal/modules/esm/loader:644:26)
    at async asyncRunEntryPointWithESMLoader (node:internal/modules/run_main:117:5) {
  "error": {},
  "stack": "ReferenceError: require is not defined in ES module scope, you can use import instead\nThis file is being treated as an ES module because it has a '.js' file extension and 'C:\\Users\\Wellness\\Projects\\ems\\ems\\backend\\package.json' contains \"type\": \"module\". To treat it as a CommonJS script, rename it to use the '.cjs' file extension.\n    at file:///C:/Users/Wellness/Projects/ems/ems/backend/database/biometricsConnection.js:11:21\n    at ModuleJob.run (node:internal/modules/esm/module_job:329:25)\n    at async onImport.tracePromise.__proto__ (node:internal/modules/esm/loader:644:26)\n    at async asyncRunEntryPointWithESMLoader (node:internal/modules/run_main:117:5)",
  "exception": true,
  "date": "Mon Sep 15 2025 11:49:54 GMT+0530 (India Standard Time)",
  "process": {
    "pid": 9920,
    "uid": null,
    "gid": null,
    "cwd": "C:\\Users\\Wellness\\Projects\\ems\\ems\\backend",
    "execPath": "C:\\Program Files\\nodejs\\node.exe",
    "version": "v22.17.0",
    "argv": [
      "C:\\Program Files\\nodejs\\node.exe",
      "C:\\Users\\Wellness\\Projects\\ems\\ems\\backend\\index.js"
    ],
    "memoryUsage": {
      "rss": 114151424,
      "heapTotal": 73056256,
      "heapUsed": 52673144,
      "external": 4021168,
      "arrayBuffers": 307379
    }
  },
  "os": {
    "loadavg": [
      0,
      0,
      0
    ],
    "uptime": 237017.359
  },
  "trace": [
    {
      "column": null,
      "file": null,
      "function": null,
      "line": null,
      "method": null,
      "native": false
    },
    {
      "column": 21,
      "file": "file:///C:/Users/Wellness/Projects/ems/ems/backend/database/biometricsConnection.js",
      "function": null,
      "line": 11,
      "method": null,
      "native": false
    },
    {
      "column": 25,
      "file": "node:internal/modules/esm/module_job",
      "function": "ModuleJob.run",
      "line": 329,
      "method": "run",
      "native": false
    },
    {
      "column": 26,
      "file": "node:internal/modules/esm/loader",
      "function": "async onImport.tracePromise.__proto__",
      "line": 644,
      "method": "__proto__",
      "native": false
    },
    {
      "column": 5,
      "file": "node:internal/modules/run_main",
      "function": "async asyncRunEntryPointWithESMLoader",
      "line": 117,
      "method": null,
      "native": false
    }
  ]
}
[2025-09-15 11:50:01] ERROR: uncaughtException: require is not defined in ES module scope, you can use import instead
This file is being treated as an ES module because it has a '.js' file extension and 'C:\Users\Wellness\Projects\ems\ems\backend\package.json' contains "type": "module". To treat it as a CommonJS script, rename it to use the '.cjs' file extension.
ReferenceError: require is not defined in ES module scope, you can use import instead
This file is being treated as an ES module because it has a '.js' file extension and 'C:\Users\Wellness\Projects\ems\ems\backend\package.json' contains "type": "module". To treat it as a CommonJS script, rename it to use the '.cjs' file extension.
    at file:///C:/Users/Wellness/Projects/ems/ems/backend/database/biometricsConnection.js:11:21
    at ModuleJob.run (node:internal/modules/esm/module_job:329:25)
    at async onImport.tracePromise.__proto__ (node:internal/modules/esm/loader:644:26)
    at async asyncRunEntryPointWithESMLoader (node:internal/modules/run_main:117:5) {
  "error": {},
  "stack": "ReferenceError: require is not defined in ES module scope, you can use import instead\nThis file is being treated as an ES module because it has a '.js' file extension and 'C:\\Users\\Wellness\\Projects\\ems\\ems\\backend\\package.json' contains \"type\": \"module\". To treat it as a CommonJS script, rename it to use the '.cjs' file extension.\n    at file:///C:/Users/Wellness/Projects/ems/ems/backend/database/biometricsConnection.js:11:21\n    at ModuleJob.run (node:internal/modules/esm/module_job:329:25)\n    at async onImport.tracePromise.__proto__ (node:internal/modules/esm/loader:644:26)\n    at async asyncRunEntryPointWithESMLoader (node:internal/modules/run_main:117:5)",
  "exception": true,
  "date": "Mon Sep 15 2025 11:50:01 GMT+0530 (India Standard Time)",
  "process": {
    "pid": 5596,
    "uid": null,
    "gid": null,
    "cwd": "C:\\Users\\Wellness\\Projects\\ems\\ems\\backend",
    "execPath": "C:\\Program Files\\nodejs\\node.exe",
    "version": "v22.17.0",
    "argv": [
      "C:\\Program Files\\nodejs\\node.exe",
      "C:\\Users\\Wellness\\Projects\\ems\\ems\\backend\\index.js"
    ],
    "memoryUsage": {
      "rss": 118722560,
      "heapTotal": 77512704,
      "heapUsed": 46964496,
      "external": 3982986,
      "arrayBuffers": 269197
    }
  },
  "os": {
    "loadavg": [
      0,
      0,
      0
    ],
    "uptime": 237024.984
  },
  "trace": [
    {
      "column": null,
      "file": null,
      "function": null,
      "line": null,
      "method": null,
      "native": false
    },
    {
      "column": 21,
      "file": "file:///C:/Users/Wellness/Projects/ems/ems/backend/database/biometricsConnection.js",
      "function": null,
      "line": 11,
      "method": null,
      "native": false
    },
    {
      "column": 25,
      "file": "node:internal/modules/esm/module_job",
      "function": "ModuleJob.run",
      "line": 329,
      "method": "run",
      "native": false
    },
    {
      "column": 26,
      "file": "node:internal/modules/esm/loader",
      "function": "async onImport.tracePromise.__proto__",
      "line": 644,
      "method": "__proto__",
      "native": false
    },
    {
      "column": 5,
      "file": "node:internal/modules/run_main",
      "function": "async asyncRunEntryPointWithESMLoader",
      "line": 117,
      "method": null,
      "native": false
    }
  ]
}
[2025-09-15 11:50:18] ERROR: uncaughtException: require is not defined in ES module scope, you can use import instead
This file is being treated as an ES module because it has a '.js' file extension and 'C:\Users\Wellness\Projects\ems\ems\backend\package.json' contains "type": "module". To treat it as a CommonJS script, rename it to use the '.cjs' file extension.
ReferenceError: require is not defined in ES module scope, you can use import instead
This file is being treated as an ES module because it has a '.js' file extension and 'C:\Users\Wellness\Projects\ems\ems\backend\package.json' contains "type": "module". To treat it as a CommonJS script, rename it to use the '.cjs' file extension.
    at file:///C:/Users/Wellness/Projects/ems/ems/backend/database/biometricsConnection.js:11:21
    at ModuleJob.run (node:internal/modules/esm/module_job:329:25)
    at async onImport.tracePromise.__proto__ (node:internal/modules/esm/loader:644:26)
    at async asyncRunEntryPointWithESMLoader (node:internal/modules/run_main:117:5) {
  "error": {},
  "stack": "ReferenceError: require is not defined in ES module scope, you can use import instead\nThis file is being treated as an ES module because it has a '.js' file extension and 'C:\\Users\\Wellness\\Projects\\ems\\ems\\backend\\package.json' contains \"type\": \"module\". To treat it as a CommonJS script, rename it to use the '.cjs' file extension.\n    at file:///C:/Users/Wellness/Projects/ems/ems/backend/database/biometricsConnection.js:11:21\n    at ModuleJob.run (node:internal/modules/esm/module_job:329:25)\n    at async onImport.tracePromise.__proto__ (node:internal/modules/esm/loader:644:26)\n    at async asyncRunEntryPointWithESMLoader (node:internal/modules/run_main:117:5)",
  "exception": true,
  "date": "Mon Sep 15 2025 11:50:18 GMT+0530 (India Standard Time)",
  "process": {
    "pid": 2848,
    "uid": null,
    "gid": null,
    "cwd": "C:\\Users\\Wellness\\Projects\\ems\\ems\\backend",
    "execPath": "C:\\Program Files\\nodejs\\node.exe",
    "version": "v22.17.0",
    "argv": [
      "C:\\Program Files\\nodejs\\node.exe",
      "C:\\Users\\Wellness\\Projects\\ems\\ems\\backend\\index.js"
    ],
    "memoryUsage": {
      "rss": 117739520,
      "heapTotal": 76726272,
      "heapUsed": 47501648,
      "external": 3994014,
      "arrayBuffers": 280225
    }
  },
  "os": {
    "loadavg": [
      0,
      0,
      0
    ],
    "uptime": 237041.234
  },
  "trace": [
    {
      "column": null,
      "file": null,
      "function": null,
      "line": null,
      "method": null,
      "native": false
    },
    {
      "column": 21,
      "file": "file:///C:/Users/Wellness/Projects/ems/ems/backend/database/biometricsConnection.js",
      "function": null,
      "line": 11,
      "method": null,
      "native": false
    },
    {
      "column": 25,
      "file": "node:internal/modules/esm/module_job",
      "function": "ModuleJob.run",
      "line": 329,
      "method": "run",
      "native": false
    },
    {
      "column": 26,
      "file": "node:internal/modules/esm/loader",
      "function": "async onImport.tracePromise.__proto__",
      "line": 644,
      "method": "__proto__",
      "native": false
    },
    {
      "column": 5,
      "file": "node:internal/modules/run_main",
      "function": "async asyncRunEntryPointWithESMLoader",
      "line": 117,
      "method": null,
      "native": false
    }
  ]
}
[2025-09-15 11:52:59] ERROR: uncaughtException: require is not defined in ES module scope, you can use import instead
This file is being treated as an ES module because it has a '.js' file extension and 'C:\Users\Wellness\Projects\ems\ems\backend\package.json' contains "type": "module". To treat it as a CommonJS script, rename it to use the '.cjs' file extension.
ReferenceError: require is not defined in ES module scope, you can use import instead
This file is being treated as an ES module because it has a '.js' file extension and 'C:\Users\Wellness\Projects\ems\ems\backend\package.json' contains "type": "module". To treat it as a CommonJS script, rename it to use the '.cjs' file extension.
    at file:///C:/Users/Wellness/Projects/ems/ems/backend/database/biometricsConnection.js:11:21
    at ModuleJob.run (node:internal/modules/esm/module_job:329:25)
    at async onImport.tracePromise.__proto__ (node:internal/modules/esm/loader:644:26)
    at async asyncRunEntryPointWithESMLoader (node:internal/modules/run_main:117:5) {
  "error": {},
  "stack": "ReferenceError: require is not defined in ES module scope, you can use import instead\nThis file is being treated as an ES module because it has a '.js' file extension and 'C:\\Users\\Wellness\\Projects\\ems\\ems\\backend\\package.json' contains \"type\": \"module\". To treat it as a CommonJS script, rename it to use the '.cjs' file extension.\n    at file:///C:/Users/Wellness/Projects/ems/ems/backend/database/biometricsConnection.js:11:21\n    at ModuleJob.run (node:internal/modules/esm/module_job:329:25)\n    at async onImport.tracePromise.__proto__ (node:internal/modules/esm/loader:644:26)\n    at async asyncRunEntryPointWithESMLoader (node:internal/modules/run_main:117:5)",
  "exception": true,
  "date": "Mon Sep 15 2025 11:52:59 GMT+0530 (India Standard Time)",
  "process": {
    "pid": 22352,
    "uid": null,
    "gid": null,
    "cwd": "C:\\Users\\Wellness\\Projects\\ems\\ems\\backend",
    "execPath": "C:\\Program Files\\nodejs\\node.exe",
    "version": "v22.17.0",
    "argv": [
      "C:\\Program Files\\nodejs\\node.exe",
      "C:\\Users\\Wellness\\Projects\\ems\\ems\\backend\\index.js"
    ],
    "memoryUsage": {
      "rss": 118218752,
      "heapTotal": 77774848,
      "heapUsed": 46785688,
      "external": 3968353,
      "arrayBuffers": 254564
    }
  },
  "os": {
    "loadavg": [
      0,
      0,
      0
    ],
    "uptime": 237202.687
  },
  "trace": [
    {
      "column": null,
      "file": null,
      "function": null,
      "line": null,
      "method": null,
      "native": false
    },
    {
      "column": 21,
      "file": "file:///C:/Users/Wellness/Projects/ems/ems/backend/database/biometricsConnection.js",
      "function": null,
      "line": 11,
      "method": null,
      "native": false
    },
    {
      "column": 25,
      "file": "node:internal/modules/esm/module_job",
      "function": "ModuleJob.run",
      "line": 329,
      "method": "run",
      "native": false
    },
    {
      "column": 26,
      "file": "node:internal/modules/esm/loader",
      "function": "async onImport.tracePromise.__proto__",
      "line": 644,
      "method": "__proto__",
      "native": false
    },
    {
      "column": 5,
      "file": "node:internal/modules/run_main",
      "function": "async asyncRunEntryPointWithESMLoader",
      "line": 117,
      "method": null,
      "native": false
    }
  ]
}
[2025-09-15 11:53:43] ERROR: uncaughtException: require is not defined in ES module scope, you can use import instead
This file is being treated as an ES module because it has a '.js' file extension and 'C:\Users\Wellness\Projects\ems\ems\backend\package.json' contains "type": "module". To treat it as a CommonJS script, rename it to use the '.cjs' file extension.
ReferenceError: require is not defined in ES module scope, you can use import instead
This file is being treated as an ES module because it has a '.js' file extension and 'C:\Users\Wellness\Projects\ems\ems\backend\package.json' contains "type": "module". To treat it as a CommonJS script, rename it to use the '.cjs' file extension.
    at file:///C:/Users/Wellness/Projects/ems/ems/backend/database/biometricsConnection.js:11:21
    at ModuleJob.run (node:internal/modules/esm/module_job:329:25)
    at async onImport.tracePromise.__proto__ (node:internal/modules/esm/loader:644:26)
    at async asyncRunEntryPointWithESMLoader (node:internal/modules/run_main:117:5) {
  "error": {},
  "stack": "ReferenceError: require is not defined in ES module scope, you can use import instead\nThis file is being treated as an ES module because it has a '.js' file extension and 'C:\\Users\\Wellness\\Projects\\ems\\ems\\backend\\package.json' contains \"type\": \"module\". To treat it as a CommonJS script, rename it to use the '.cjs' file extension.\n    at file:///C:/Users/Wellness/Projects/ems/ems/backend/database/biometricsConnection.js:11:21\n    at ModuleJob.run (node:internal/modules/esm/module_job:329:25)\n    at async onImport.tracePromise.__proto__ (node:internal/modules/esm/loader:644:26)\n    at async asyncRunEntryPointWithESMLoader (node:internal/modules/run_main:117:5)",
  "exception": true,
  "date": "Mon Sep 15 2025 11:53:43 GMT+0530 (India Standard Time)",
  "process": {
    "pid": 19728,
    "uid": null,
    "gid": null,
    "cwd": "C:\\Users\\Wellness\\Projects\\ems\\ems\\backend",
    "execPath": "C:\\Program Files\\nodejs\\node.exe",
    "version": "v22.17.0",
    "argv": [
      "C:\\Program Files\\nodejs\\node.exe",
      "C:\\Users\\Wellness\\Projects\\ems\\ems\\backend\\index.js"
    ],
    "memoryUsage": {
      "rss": 113975296,
      "heapTotal": 72794112,
      "heapUsed": 52677000,
      "external": 3981944,
      "arrayBuffers": 268155
    }
  },
  "os": {
    "loadavg": [
      0,
      0,
      0
    ],
    "uptime": 237246.812
  },
  "trace": [
    {
      "column": null,
      "file": null,
      "function": null,
      "line": null,
      "method": null,
      "native": false
    },
    {
      "column": 21,
      "file": "file:///C:/Users/Wellness/Projects/ems/ems/backend/database/biometricsConnection.js",
      "function": null,
      "line": 11,
      "method": null,
      "native": false
    },
    {
      "column": 25,
      "file": "node:internal/modules/esm/module_job",
      "function": "ModuleJob.run",
      "line": 329,
      "method": "run",
      "native": false
    },
    {
      "column": 26,
      "file": "node:internal/modules/esm/loader",
      "function": "async onImport.tracePromise.__proto__",
      "line": 644,
      "method": "__proto__",
      "native": false
    },
    {
      "column": 5,
      "file": "node:internal/modules/run_main",
      "function": "async asyncRunEntryPointWithESMLoader",
      "line": 117,
      "method": null,
      "native": false
    }
  ]
}
[2025-09-15 11:53:50] ERROR: uncaughtException: require is not defined in ES module scope, you can use import instead
This file is being treated as an ES module because it has a '.js' file extension and 'C:\Users\Wellness\Projects\ems\ems\backend\package.json' contains "type": "module". To treat it as a CommonJS script, rename it to use the '.cjs' file extension.
ReferenceError: require is not defined in ES module scope, you can use import instead
This file is being treated as an ES module because it has a '.js' file extension and 'C:\Users\Wellness\Projects\ems\ems\backend\package.json' contains "type": "module". To treat it as a CommonJS script, rename it to use the '.cjs' file extension.
    at file:///C:/Users/Wellness/Projects/ems/ems/backend/database/biometricsConnection.js:11:21
    at ModuleJob.run (node:internal/modules/esm/module_job:329:25)
    at async onImport.tracePromise.__proto__ (node:internal/modules/esm/loader:644:26)
    at async asyncRunEntryPointWithESMLoader (node:internal/modules/run_main:117:5) {
  "error": {},
  "stack": "ReferenceError: require is not defined in ES module scope, you can use import instead\nThis file is being treated as an ES module because it has a '.js' file extension and 'C:\\Users\\Wellness\\Projects\\ems\\ems\\backend\\package.json' contains \"type\": \"module\". To treat it as a CommonJS script, rename it to use the '.cjs' file extension.\n    at file:///C:/Users/Wellness/Projects/ems/ems/backend/database/biometricsConnection.js:11:21\n    at ModuleJob.run (node:internal/modules/esm/module_job:329:25)\n    at async onImport.tracePromise.__proto__ (node:internal/modules/esm/loader:644:26)\n    at async asyncRunEntryPointWithESMLoader (node:internal/modules/run_main:117:5)",
  "exception": true,
  "date": "Mon Sep 15 2025 11:53:50 GMT+0530 (India Standard Time)",
  "process": {
    "pid": 8480,
    "uid": null,
    "gid": null,
    "cwd": "C:\\Users\\Wellness\\Projects\\ems\\ems\\backend",
    "execPath": "C:\\Program Files\\nodejs\\node.exe",
    "version": "v22.17.0",
    "argv": [
      "C:\\Program Files\\nodejs\\node.exe",
      "C:\\Users\\Wellness\\Projects\\ems\\ems\\backend\\index.js"
    ],
    "memoryUsage": {
      "rss": 113831936,
      "heapTotal": 73056256,
      "heapUsed": 52947176,
      "external": 3984578,
      "arrayBuffers": 270789
    }
  },
  "os": {
    "loadavg": [
      0,
      0,
      0
    ],
    "uptime": 237253.406
  },
  "trace": [
    {
      "column": null,
      "file": null,
      "function": null,
      "line": null,
      "method": null,
      "native": false
    },
    {
      "column": 21,
      "file": "file:///C:/Users/Wellness/Projects/ems/ems/backend/database/biometricsConnection.js",
      "function": null,
      "line": 11,
      "method": null,
      "native": false
    },
    {
      "column": 25,
      "file": "node:internal/modules/esm/module_job",
      "function": "ModuleJob.run",
      "line": 329,
      "method": "run",
      "native": false
    },
    {
      "column": 26,
      "file": "node:internal/modules/esm/loader",
      "function": "async onImport.tracePromise.__proto__",
      "line": 644,
      "method": "__proto__",
      "native": false
    },
    {
      "column": 5,
      "file": "node:internal/modules/run_main",
      "function": "async asyncRunEntryPointWithESMLoader",
      "line": 117,
      "method": null,
      "native": false
    }
  ]
}
[2025-09-15 11:55:04] ERROR: uncaughtException: require is not defined in ES module scope, you can use import instead
This file is being treated as an ES module because it has a '.js' file extension and 'C:\Users\Wellness\Projects\ems\ems\backend\package.json' contains "type": "module". To treat it as a CommonJS script, rename it to use the '.cjs' file extension.
ReferenceError: require is not defined in ES module scope, you can use import instead
This file is being treated as an ES module because it has a '.js' file extension and 'C:\Users\Wellness\Projects\ems\ems\backend\package.json' contains "type": "module". To treat it as a CommonJS script, rename it to use the '.cjs' file extension.
    at file:///C:/Users/Wellness/Projects/ems/ems/backend/database/biometricsConnection.js:11:21
    at ModuleJob.run (node:internal/modules/esm/module_job:329:25)
    at async onImport.tracePromise.__proto__ (node:internal/modules/esm/loader:644:26)
    at async asyncRunEntryPointWithESMLoader (node:internal/modules/run_main:117:5) {
  "error": {},
  "stack": "ReferenceError: require is not defined in ES module scope, you can use import instead\nThis file is being treated as an ES module because it has a '.js' file extension and 'C:\\Users\\Wellness\\Projects\\ems\\ems\\backend\\package.json' contains \"type\": \"module\". To treat it as a CommonJS script, rename it to use the '.cjs' file extension.\n    at file:///C:/Users/Wellness/Projects/ems/ems/backend/database/biometricsConnection.js:11:21\n    at ModuleJob.run (node:internal/modules/esm/module_job:329:25)\n    at async onImport.tracePromise.__proto__ (node:internal/modules/esm/loader:644:26)\n    at async asyncRunEntryPointWithESMLoader (node:internal/modules/run_main:117:5)",
  "exception": true,
  "date": "Mon Sep 15 2025 11:55:04 GMT+0530 (India Standard Time)",
  "process": {
    "pid": 4676,
    "uid": null,
    "gid": null,
    "cwd": "C:\\Users\\Wellness\\Projects\\ems\\ems\\backend",
    "execPath": "C:\\Program Files\\nodejs\\node.exe",
    "version": "v22.17.0",
    "argv": [
      "C:\\Program Files\\nodejs\\node.exe",
      "C:\\Users\\Wellness\\Projects\\ems\\ems\\backend\\index.js"
    ],
    "memoryUsage": {
      "rss": 118718464,
      "heapTotal": 77774848,
      "heapUsed": 46784312,
      "external": 3967263,
      "arrayBuffers": 253474
    }
  },
  "os": {
    "loadavg": [
      0,
      0,
      0
    ],
    "uptime": 237327.25
  },
  "trace": [
    {
      "column": null,
      "file": null,
      "function": null,
      "line": null,
      "method": null,
      "native": false
    },
    {
      "column": 21,
      "file": "file:///C:/Users/Wellness/Projects/ems/ems/backend/database/biometricsConnection.js",
      "function": null,
      "line": 11,
      "method": null,
      "native": false
    },
    {
      "column": 25,
      "file": "node:internal/modules/esm/module_job",
      "function": "ModuleJob.run",
      "line": 329,
      "method": "run",
      "native": false
    },
    {
      "column": 26,
      "file": "node:internal/modules/esm/loader",
      "function": "async onImport.tracePromise.__proto__",
      "line": 644,
      "method": "__proto__",
      "native": false
    },
    {
      "column": 5,
      "file": "node:internal/modules/run_main",
      "function": "async asyncRunEntryPointWithESMLoader",
      "line": 117,
      "method": null,
      "native": false
    }
  ]
}
[2025-09-15 11:56:36] ERROR: uncaughtException: require is not defined in ES module scope, you can use import instead
This file is being treated as an ES module because it has a '.js' file extension and 'C:\Users\Wellness\Projects\ems\ems\backend\package.json' contains "type": "module". To treat it as a CommonJS script, rename it to use the '.cjs' file extension.
ReferenceError: require is not defined in ES module scope, you can use import instead
This file is being treated as an ES module because it has a '.js' file extension and 'C:\Users\Wellness\Projects\ems\ems\backend\package.json' contains "type": "module". To treat it as a CommonJS script, rename it to use the '.cjs' file extension.
    at file:///C:/Users/Wellness/Projects/ems/ems/backend/database/biometricsConnection.js:11:21
    at ModuleJob.run (node:internal/modules/esm/module_job:329:25)
    at async onImport.tracePromise.__proto__ (node:internal/modules/esm/loader:644:26)
    at async asyncRunEntryPointWithESMLoader (node:internal/modules/run_main:117:5) {
  "error": {},
  "stack": "ReferenceError: require is not defined in ES module scope, you can use import instead\nThis file is being treated as an ES module because it has a '.js' file extension and 'C:\\Users\\Wellness\\Projects\\ems\\ems\\backend\\package.json' contains \"type\": \"module\". To treat it as a CommonJS script, rename it to use the '.cjs' file extension.\n    at file:///C:/Users/Wellness/Projects/ems/ems/backend/database/biometricsConnection.js:11:21\n    at ModuleJob.run (node:internal/modules/esm/module_job:329:25)\n    at async onImport.tracePromise.__proto__ (node:internal/modules/esm/loader:644:26)\n    at async asyncRunEntryPointWithESMLoader (node:internal/modules/run_main:117:5)",
  "exception": true,
  "date": "Mon Sep 15 2025 11:56:36 GMT+0530 (India Standard Time)",
  "process": {
    "pid": 7356,
    "uid": null,
    "gid": null,
    "cwd": "C:\\Users\\Wellness\\Projects\\ems\\ems\\backend",
    "execPath": "C:\\Program Files\\nodejs\\node.exe",
    "version": "v22.17.0",
    "argv": [
      "C:\\Program Files\\nodejs\\node.exe",
      "C:\\Users\\Wellness\\Projects\\ems\\ems\\backend\\index.js"
    ],
    "memoryUsage": {
      "rss": 114094080,
      "heapTotal": 73056256,
      "heapUsed": 52804800,
      "external": 3983410,
      "arrayBuffers": 269621
    }
  },
  "os": {
    "loadavg": [
      0,
      0,
      0
    ],
    "uptime": 237419.812
  },
  "trace": [
    {
      "column": null,
      "file": null,
      "function": null,
      "line": null,
      "method": null,
      "native": false
    },
    {
      "column": 21,
      "file": "file:///C:/Users/Wellness/Projects/ems/ems/backend/database/biometricsConnection.js",
      "function": null,
      "line": 11,
      "method": null,
      "native": false
    },
    {
      "column": 25,
      "file": "node:internal/modules/esm/module_job",
      "function": "ModuleJob.run",
      "line": 329,
      "method": "run",
      "native": false
    },
    {
      "column": 26,
      "file": "node:internal/modules/esm/loader",
      "function": "async onImport.tracePromise.__proto__",
      "line": 644,
      "method": "__proto__",
      "native": false
    },
    {
      "column": 5,
      "file": "node:internal/modules/run_main",
      "function": "async asyncRunEntryPointWithESMLoader",
      "line": 117,
      "method": null,
      "native": false
    }
  ]
}
[2025-09-15 11:56:43] ERROR: uncaughtException: require is not defined in ES module scope, you can use import instead
This file is being treated as an ES module because it has a '.js' file extension and 'C:\Users\Wellness\Projects\ems\ems\backend\package.json' contains "type": "module". To treat it as a CommonJS script, rename it to use the '.cjs' file extension.
ReferenceError: require is not defined in ES module scope, you can use import instead
This file is being treated as an ES module because it has a '.js' file extension and 'C:\Users\Wellness\Projects\ems\ems\backend\package.json' contains "type": "module". To treat it as a CommonJS script, rename it to use the '.cjs' file extension.
    at file:///C:/Users/Wellness/Projects/ems/ems/backend/database/biometricsConnection.js:11:21
    at ModuleJob.run (node:internal/modules/esm/module_job:329:25)
    at async onImport.tracePromise.__proto__ (node:internal/modules/esm/loader:644:26)
    at async asyncRunEntryPointWithESMLoader (node:internal/modules/run_main:117:5) {
  "error": {},
  "stack": "ReferenceError: require is not defined in ES module scope, you can use import instead\nThis file is being treated as an ES module because it has a '.js' file extension and 'C:\\Users\\Wellness\\Projects\\ems\\ems\\backend\\package.json' contains \"type\": \"module\". To treat it as a CommonJS script, rename it to use the '.cjs' file extension.\n    at file:///C:/Users/Wellness/Projects/ems/ems/backend/database/biometricsConnection.js:11:21\n    at ModuleJob.run (node:internal/modules/esm/module_job:329:25)\n    at async onImport.tracePromise.__proto__ (node:internal/modules/esm/loader:644:26)\n    at async asyncRunEntryPointWithESMLoader (node:internal/modules/run_main:117:5)",
  "exception": true,
  "date": "Mon Sep 15 2025 11:56:43 GMT+0530 (India Standard Time)",
  "process": {
    "pid": 18012,
    "uid": null,
    "gid": null,
    "cwd": "C:\\Users\\Wellness\\Projects\\ems\\ems\\backend",
    "execPath": "C:\\Program Files\\nodejs\\node.exe",
    "version": "v22.17.0",
    "argv": [
      "C:\\Program Files\\nodejs\\node.exe",
      "C:\\Users\\Wellness\\Projects\\ems\\ems\\backend\\index.js"
    ],
    "memoryUsage": {
      "rss": 117837824,
      "heapTotal": 76988416,
      "heapUsed": 47641896,
      "external": 4000024,
      "arrayBuffers": 286235
    }
  },
  "os": {
    "loadavg": [
      0,
      0,
      0
    ],
    "uptime": 237426.953
  },
  "trace": [
    {
      "column": null,
      "file": null,
      "function": null,
      "line": null,
      "method": null,
      "native": false
    },
    {
      "column": 21,
      "file": "file:///C:/Users/Wellness/Projects/ems/ems/backend/database/biometricsConnection.js",
      "function": null,
      "line": 11,
      "method": null,
      "native": false
    },
    {
      "column": 25,
      "file": "node:internal/modules/esm/module_job",
      "function": "ModuleJob.run",
      "line": 329,
      "method": "run",
      "native": false
    },
    {
      "column": 26,
      "file": "node:internal/modules/esm/loader",
      "function": "async onImport.tracePromise.__proto__",
      "line": 644,
      "method": "__proto__",
      "native": false
    },
    {
      "column": 5,
      "file": "node:internal/modules/run_main",
      "function": "async asyncRunEntryPointWithESMLoader",
      "line": 117,
      "method": null,
      "native": false
    }
  ]
}
[2025-09-15 11:57:03] ERROR: uncaughtException: require is not defined in ES module scope, you can use import instead
This file is being treated as an ES module because it has a '.js' file extension and 'C:\Users\Wellness\Projects\ems\ems\backend\package.json' contains "type": "module". To treat it as a CommonJS script, rename it to use the '.cjs' file extension.
ReferenceError: require is not defined in ES module scope, you can use import instead
This file is being treated as an ES module because it has a '.js' file extension and 'C:\Users\Wellness\Projects\ems\ems\backend\package.json' contains "type": "module". To treat it as a CommonJS script, rename it to use the '.cjs' file extension.
    at file:///C:/Users/Wellness/Projects/ems/ems/backend/database/biometricsConnection.js:11:21
    at ModuleJob.run (node:internal/modules/esm/module_job:329:25)
    at async onImport.tracePromise.__proto__ (node:internal/modules/esm/loader:644:26)
    at async asyncRunEntryPointWithESMLoader (node:internal/modules/run_main:117:5) {
  "error": {},
  "stack": "ReferenceError: require is not defined in ES module scope, you can use import instead\nThis file is being treated as an ES module because it has a '.js' file extension and 'C:\\Users\\Wellness\\Projects\\ems\\ems\\backend\\package.json' contains \"type\": \"module\". To treat it as a CommonJS script, rename it to use the '.cjs' file extension.\n    at file:///C:/Users/Wellness/Projects/ems/ems/backend/database/biometricsConnection.js:11:21\n    at ModuleJob.run (node:internal/modules/esm/module_job:329:25)\n    at async onImport.tracePromise.__proto__ (node:internal/modules/esm/loader:644:26)\n    at async asyncRunEntryPointWithESMLoader (node:internal/modules/run_main:117:5)",
  "exception": true,
  "date": "Mon Sep 15 2025 11:57:03 GMT+0530 (India Standard Time)",
  "process": {
    "pid": 6440,
    "uid": null,
    "gid": null,
    "cwd": "C:\\Users\\Wellness\\Projects\\ems\\ems\\backend",
    "execPath": "C:\\Program Files\\nodejs\\node.exe",
    "version": "v22.17.0",
    "argv": [
      "C:\\Program Files\\nodejs\\node.exe",
      "C:\\Users\\Wellness\\Projects\\ems\\ems\\backend\\index.js"
    ],
    "memoryUsage": {
      "rss": 113143808,
      "heapTotal": 72531968,
      "heapUsed": 52752240,
      "external": 3977003,
      "arrayBuffers": 263214
    }
  },
  "os": {
    "loadavg": [
      0,
      0,
      0
    ],
    "uptime": 237446.812
  },
  "trace": [
    {
      "column": null,
      "file": null,
      "function": null,
      "line": null,
      "method": null,
      "native": false
    },
    {
      "column": 21,
      "file": "file:///C:/Users/Wellness/Projects/ems/ems/backend/database/biometricsConnection.js",
      "function": null,
      "line": 11,
      "method": null,
      "native": false
    },
    {
      "column": 25,
      "file": "node:internal/modules/esm/module_job",
      "function": "ModuleJob.run",
      "line": 329,
      "method": "run",
      "native": false
    },
    {
      "column": 26,
      "file": "node:internal/modules/esm/loader",
      "function": "async onImport.tracePromise.__proto__",
      "line": 644,
      "method": "__proto__",
      "native": false
    },
    {
      "column": 5,
      "file": "node:internal/modules/run_main",
      "function": "async asyncRunEntryPointWithESMLoader",
      "line": 117,
      "method": null,
      "native": false
    }
  ]
}
[2025-09-15 11:57:16] ERROR: uncaughtException: require is not defined in ES module scope, you can use import instead
This file is being treated as an ES module because it has a '.js' file extension and 'C:\Users\Wellness\Projects\ems\ems\backend\package.json' contains "type": "module". To treat it as a CommonJS script, rename it to use the '.cjs' file extension.
ReferenceError: require is not defined in ES module scope, you can use import instead
This file is being treated as an ES module because it has a '.js' file extension and 'C:\Users\Wellness\Projects\ems\ems\backend\package.json' contains "type": "module". To treat it as a CommonJS script, rename it to use the '.cjs' file extension.
    at file:///C:/Users/Wellness/Projects/ems/ems/backend/database/biometricsConnection.js:11:21
    at ModuleJob.run (node:internal/modules/esm/module_job:329:25)
    at async onImport.tracePromise.__proto__ (node:internal/modules/esm/loader:644:26)
    at async asyncRunEntryPointWithESMLoader (node:internal/modules/run_main:117:5) {
  "error": {},
  "stack": "ReferenceError: require is not defined in ES module scope, you can use import instead\nThis file is being treated as an ES module because it has a '.js' file extension and 'C:\\Users\\Wellness\\Projects\\ems\\ems\\backend\\package.json' contains \"type\": \"module\". To treat it as a CommonJS script, rename it to use the '.cjs' file extension.\n    at file:///C:/Users/Wellness/Projects/ems/ems/backend/database/biometricsConnection.js:11:21\n    at ModuleJob.run (node:internal/modules/esm/module_job:329:25)\n    at async onImport.tracePromise.__proto__ (node:internal/modules/esm/loader:644:26)\n    at async asyncRunEntryPointWithESMLoader (node:internal/modules/run_main:117:5)",
  "exception": true,
  "date": "Mon Sep 15 2025 11:57:16 GMT+0530 (India Standard Time)",
  "process": {
    "pid": 2984,
    "uid": null,
    "gid": null,
    "cwd": "C:\\Users\\Wellness\\Projects\\ems\\ems\\backend",
    "execPath": "C:\\Program Files\\nodejs\\node.exe",
    "version": "v22.17.0",
    "argv": [
      "C:\\Program Files\\nodejs\\node.exe",
      "C:\\Users\\Wellness\\Projects\\ems\\ems\\backend\\index.js"
    ],
    "memoryUsage": {
      "rss": 118464512,
      "heapTotal": 78036992,
      "heapUsed": 46890664,
      "external": 3991687,
      "arrayBuffers": 277898
    }
  },
  "os": {
    "loadavg": [
      0,
      0,
      0
    ],
    "uptime": 237459.64
  },
  "trace": [
    {
      "column": null,
      "file": null,
      "function": null,
      "line": null,
      "method": null,
      "native": false
    },
    {
      "column": 21,
      "file": "file:///C:/Users/Wellness/Projects/ems/ems/backend/database/biometricsConnection.js",
      "function": null,
      "line": 11,
      "method": null,
      "native": false
    },
    {
      "column": 25,
      "file": "node:internal/modules/esm/module_job",
      "function": "ModuleJob.run",
      "line": 329,
      "method": "run",
      "native": false
    },
    {
      "column": 26,
      "file": "node:internal/modules/esm/loader",
      "function": "async onImport.tracePromise.__proto__",
      "line": 644,
      "method": "__proto__",
      "native": false
    },
    {
      "column": 5,
      "file": "node:internal/modules/run_main",
      "function": "async asyncRunEntryPointWithESMLoader",
      "line": 117,
      "method": null,
      "native": false
    }
  ]
}
[2025-09-15 11:57:28] ERROR: uncaughtException: require is not defined in ES module scope, you can use import instead
This file is being treated as an ES module because it has a '.js' file extension and 'C:\Users\Wellness\Projects\ems\ems\backend\package.json' contains "type": "module". To treat it as a CommonJS script, rename it to use the '.cjs' file extension.
ReferenceError: require is not defined in ES module scope, you can use import instead
This file is being treated as an ES module because it has a '.js' file extension and 'C:\Users\Wellness\Projects\ems\ems\backend\package.json' contains "type": "module". To treat it as a CommonJS script, rename it to use the '.cjs' file extension.
    at file:///C:/Users/Wellness/Projects/ems/ems/backend/database/biometricsConnection.js:11:21
    at ModuleJob.run (node:internal/modules/esm/module_job:329:25)
    at async onImport.tracePromise.__proto__ (node:internal/modules/esm/loader:644:26)
    at async asyncRunEntryPointWithESMLoader (node:internal/modules/run_main:117:5) {
  "error": {},
  "stack": "ReferenceError: require is not defined in ES module scope, you can use import instead\nThis file is being treated as an ES module because it has a '.js' file extension and 'C:\\Users\\Wellness\\Projects\\ems\\ems\\backend\\package.json' contains \"type\": \"module\". To treat it as a CommonJS script, rename it to use the '.cjs' file extension.\n    at file:///C:/Users/Wellness/Projects/ems/ems/backend/database/biometricsConnection.js:11:21\n    at ModuleJob.run (node:internal/modules/esm/module_job:329:25)\n    at async onImport.tracePromise.__proto__ (node:internal/modules/esm/loader:644:26)\n    at async asyncRunEntryPointWithESMLoader (node:internal/modules/run_main:117:5)",
  "exception": true,
  "date": "Mon Sep 15 2025 11:57:28 GMT+0530 (India Standard Time)",
  "process": {
    "pid": 1544,
    "uid": null,
    "gid": null,
    "cwd": "C:\\Users\\Wellness\\Projects\\ems\\ems\\backend",
    "execPath": "C:\\Program Files\\nodejs\\node.exe",
    "version": "v22.17.0",
    "argv": [
      "C:\\Program Files\\nodejs\\node.exe",
      "C:\\Users\\Wellness\\Projects\\ems\\ems\\backend\\index.js"
    ],
    "memoryUsage": {
      "rss": 118919168,
      "heapTotal": 78299136,
      "heapUsed": 46985792,
      "external": 4002542,
      "arrayBuffers": 288753
    }
  },
  "os": {
    "loadavg": [
      0,
      0,
      0
    ],
    "uptime": 237471.484
  },
  "trace": [
    {
      "column": null,
      "file": null,
      "function": null,
      "line": null,
      "method": null,
      "native": false
    },
    {
      "column": 21,
      "file": "file:///C:/Users/Wellness/Projects/ems/ems/backend/database/biometricsConnection.js",
      "function": null,
      "line": 11,
      "method": null,
      "native": false
    },
    {
      "column": 25,
      "file": "node:internal/modules/esm/module_job",
      "function": "ModuleJob.run",
      "line": 329,
      "method": "run",
      "native": false
    },
    {
      "column": 26,
      "file": "node:internal/modules/esm/loader",
      "function": "async onImport.tracePromise.__proto__",
      "line": 644,
      "method": "__proto__",
      "native": false
    },
    {
      "column": 5,
      "file": "node:internal/modules/run_main",
      "function": "async asyncRunEntryPointWithESMLoader",
      "line": 117,
      "method": null,
      "native": false
    }
  ]
}
